Arguments: 
  /home/manuel1/.nvm/versions/node/v14.15.5/bin/node /home/manuel1/.nvm/versions/node/v14.15.5/bin/yarn add bootstrap 5.2

PATH: 
  ./bin:./node_modules/.bin:/home/manuel1/.nvm/versions/node/v14.15.5/bin:/home/manuel1/.rbenv/shims:/home/manuel1/.rbenv/bin:/home/manuel1/.pyenv/bin:/usr/local/sbin:/usr/local/bin:/usr/sbin:/usr/bin:/sbin:/bin:/usr/games:/usr/local/games:/usr/lib/wsl/lib:/mnt/c/Program Files (x86)/Common Files/Oracle/Java/javapath:/mnt/c/Program Files (x86)/Common Files/Intel/Shared Libraries/redist/intel64/compiler:/mnt/c/Program Files (x86)/Common Files/Intel/Shared Libraries/redist/ia32/compiler:/mnt/c/ProgramData/Oracle/Java/javapath:/mnt/c/WINDOWS/system32:/mnt/c/WINDOWS:/mnt/c/WINDOWS/System32/Wbem:/mnt/c/WINDOWS/System32/WindowsPowerShell/v1.0/:/mnt/c/Program Files (x86)/QuickTime/QTSystem/:/mnt/c/Program Files (x86)/NVIDIA Corporation/PhysX/Common:/mnt/c/WINDOWS/System32/OpenSSH/:/mnt/c/Program Files/Java/jdk1.8.0_181/bin:/mnt/c/Program Files/NVIDIA Corporation/NVIDIA NvDLISR:/mnt/c/WINDOWS/system32:/mnt/c/WINDOWS:/mnt/c/WINDOWS/System32/Wbem:/mnt/c/WINDOWS/System32/WindowsPowerShell/v1.0/:/mnt/c/WINDOWS/System32/OpenSSH/:/mnt/c/Program Files/PuTTY/:/mnt/c/Users/USUARIO/AppData/Local/Microsoft/WindowsApps:/mnt/c/Users/USUARIO/AppData/Local/Programs/Microsoft VS Code/bin:/usr/local/sbin

Yarn version: 
  1.22.17

Node version: 
  14.15.5

Platform: 
  linux x64

Trace: 
  Error: https://registry.yarnpkg.com/5.2: Not found
      at Request.params.callback [as _callback] (/home/manuel1/.nvm/versions/node/v14.15.5/lib/node_modules/yarn/lib/cli.js:67029:18)
      at Request.self.callback (/home/manuel1/.nvm/versions/node/v14.15.5/lib/node_modules/yarn/lib/cli.js:140883:22)
      at Request.emit (events.js:315:20)
      at Request.<anonymous> (/home/manuel1/.nvm/versions/node/v14.15.5/lib/node_modules/yarn/lib/cli.js:141855:10)
      at Request.emit (events.js:315:20)
      at IncomingMessage.<anonymous> (/home/manuel1/.nvm/versions/node/v14.15.5/lib/node_modules/yarn/lib/cli.js:141777:12)
      at Object.onceWrapper (events.js:421:28)
      at IncomingMessage.emit (events.js:327:22)
      at endReadableNT (internal/streams/readable.js:1327:12)
      at processTicksAndRejections (internal/process/task_queues.js:80:21)

npm manifest: 
  {
    "dependencies": {}
  }

yarn manifest: 
  No manifest

Lockfile: 
  # THIS IS AN AUTOGENERATED FILE. DO NOT EDIT THIS FILE DIRECTLY.
  # yarn lockfile v1
